[11:05:35] [main/INFO]: Loading Minecraft 1.21.7 with Fabric Loader 0.18.4
[11:05:35] [main/INFO]: Loading 77 mods:
	- cloth-config 19.0.147
	   \-- cloth-basic-math 0.6.1
	- entityculling 1.8.2
	   |-- transition 1.0.3
	   \-- trender 1.0.5
	- fabric-api 0.129.0+1.21.7
	   |-- fabric-api-base 0.4.64+9ec45cd86c
	   |-- fabric-api-lookup-api-v1 1.6.100+946bf4c36c
	   |-- fabric-biome-api-v1 16.0.11+946bf4c36c
	   |-- fabric-block-api-v1 1.1.3+946bf4c36c
	   |-- fabric-block-view-api-v2 1.0.31+946bf4c36c
	   |-- fabric-command-api-v2 2.2.53+946bf4c36c
	   |-- fabric-content-registries-v0 10.0.18+946bf4c36c
	   |-- fabric-convention-tags-v1 2.1.40+7f945d5b6c
	   |-- fabric-convention-tags-v2 2.15.5+eb5df52f6c
	   |-- fabric-crash-report-info-v1 0.3.15+946bf4c36c
	   |-- fabric-data-attachment-api-v1 1.8.10+946bf4c36c
	   |-- fabric-data-generation-api-v1 23.2.4+55e55d296c
	   |-- fabric-dimensions-v1 4.0.19+946bf4c36c
	   |-- fabric-entity-events-v1 2.1.1+c9e472736c
	   |-- fabric-events-interaction-v0 4.0.23+946bf4c36c
	   |-- fabric-game-rule-api-v1 1.0.73+c64c9c5b6c
	   |-- fabric-item-api-v1 11.4.3+946bf4c36c
	   |-- fabric-item-group-api-v1 4.2.13+946bf4c36c
	   |-- fabric-key-binding-api-v1 1.0.65+946bf4c36c
	   |-- fabric-lifecycle-events-v1 2.6.3+db4dfd856c
	   |-- fabric-loot-api-v2 3.0.55+3f89f5a56c
	   |-- fabric-loot-api-v3 2.0.2+946bf4c36c
	   |-- fabric-message-api-v1 6.1.1+946bf4c36c
	   |-- fabric-model-loading-api-v1 5.2.5+946bf4c36c
	   |-- fabric-networking-api-v1 5.0.1+946bf4c36c
	   |-- fabric-object-builder-api-v1 21.1.7+946bf4c36c
	   |-- fabric-particles-v1 4.1.7+946bf4c36c
	   |-- fabric-recipe-api-v1 8.1.14+946bf4c36c
	   |-- fabric-registry-sync-v0 6.1.27+946bf4c36c
	   |-- fabric-renderer-api-v1 7.0.2+946bf4c36c
	   |-- fabric-renderer-indigo 4.0.2+946bf4c36c
	   |-- fabric-rendering-fluids-v1 3.1.30+fa6cb72b6c
	   |-- fabric-rendering-v1 12.4.0+e8d43c766c
	   |-- fabric-resource-conditions-api-v1 5.0.24+946bf4c36c
	   |-- fabric-resource-loader-v0 3.1.11+946bf4c36c
	   |-- fabric-screen-api-v1 2.1.0+277ecf7d6c
	   |-- fabric-screen-handler-api-v1 1.3.136+946bf4c36c
	   |-- fabric-sound-api-v1 1.0.42+946bf4c36c
	   |-- fabric-tag-api-v1 1.2.1+946bf4c36c
	   |-- fabric-transfer-api-v1 6.0.5+946bf4c36c
	   \-- fabric-transitive-access-wideners-v1 6.4.1+ac3e15d16c
	- fabric-language-kotlin 1.13.8+kotlin.2.3.0
	   |-- org_jetbrains_kotlin_kotlin-reflect 2.3.0
	   |-- org_jetbrains_kotlin_kotlin-stdlib 2.3.0
	   |-- org_jetbrains_kotlin_kotlin-stdlib-jdk7 2.3.0
	   |-- org_jetbrains_kotlin_kotlin-stdlib-jdk8 2.3.0
	   |-- org_jetbrains_kotlinx_atomicfu-jvm 0.29.0
	   |-- org_jetbrains_kotlinx_kotlinx-coroutines-core-jvm 1.10.2
	   |-- org_jetbrains_kotlinx_kotlinx-coroutines-jdk8 1.10.2
	   |-- org_jetbrains_kotlinx_kotlinx-datetime-jvm 0.7.1
	   |-- org_jetbrains_kotlinx_kotlinx-io-bytestring-jvm 0.8.2
	   |-- org_jetbrains_kotlinx_kotlinx-io-core-jvm 0.8.2
	   |-- org_jetbrains_kotlinx_kotlinx-serialization-cbor-jvm 1.9.0
	   |-- org_jetbrains_kotlinx_kotlinx-serialization-core-jvm 1.9.0
	   \-- org_jetbrains_kotlinx_kotlinx-serialization-json-jvm 1.9.0
	- fabricloader 0.18.4
	   \-- mixinextras 0.5.0
	- ferritecore 8.0.0
	- forgeconfigapiport 21.7.0
	   |-- com_electronwill_night-config_core 3.8.2
	   \-- com_electronwill_night-config_toml 3.8.2
	- java 24
	- lithium 0.18.0+mc1.21.7
	- minecraft 1.21.7
	- mr_guns 5.8.7
	- mutantmonsters 21.7.0
	- puzzleslib 21.7.1
	- silk-all 1.11.2
	   |-- silk-commands 1.11.2
	   |-- silk-core 1.11.2
	   |-- silk-game 1.11.2
	   |-- silk-igui 1.11.2
	   |-- silk-nbt 1.11.2
	   |-- silk-network 1.11.2
	   \-- silk-persistence 1.11.2
	- veinminer 2.5.0
	   |-- de_miraculixx_core_dev 2.5.0
	   \-- fabric-permissions-api-v0 0.4.0
[11:05:36] [main/INFO]: SpongePowered MIXIN Subsystem Version=0.8.7 Source=file:/C:/Users/acer/Downloads/MINECRAFT-SERVER-master/libraries/net/fabricmc/sponge-mixin/0.17.0+mixin.0.8.7/sponge-mixin-0.17.0+mixin.0.8.7.jar Service=Knot/Fabric Env=SERVER
[11:05:36] [main/INFO]: Compatibility level set to JAVA_16
[11:05:36] [main/INFO]: Compatibility level set to JAVA_21
[11:05:36] [main/WARN]: Reference map 'forgeconfigapiport.common.refmap.json' for forgeconfigapiport.common.mixins.json could not be read. If this is a development environment you can ignore this message
[11:05:36] [main/WARN]: Mod 'ferritecore' attempted to override option 'mixin.alloc.blockstate', which doesn't exist, ignoring
[11:05:36] [main/WARN]: Mod 'mutantmonsters' attempted to override option 'mixin.ai.nearby_entity_tracking.goals', which doesn't exist, ignoring
[11:05:36] [main/INFO]: Loaded configuration file for Lithium: 160 options available, 0 override(s) found.
[11:05:36] [main/WARN]: Reference map 'mutantmonsters.fabric.refmap.json' for mutantmonsters.fabric.mixins.json could not be read. If this is a development environment you can ignore this message
[11:05:37] [main/INFO]: Initializing MixinExtras via com.llamalad7.mixinextras.service.MixinExtrasServiceImpl(version=0.5.0).
[11:05:48] [main/INFO]: Constructing components for mutantmonsters:common
[11:05:49] [main/INFO]: Dispatching loading event for config mutantmonsters-common.toml
[11:05:49] [main/INFO]: Constructing components for puzzleslib:common
[11:05:50] [main/INFO]: Initializing Silk
[11:05:50] [main/INFO]: Veinminer Version: 2.5.0 (fabric)
[11:05:51] [main/INFO]: Environment: Environment[sessionHost=https://sessionserver.mojang.com, servicesHost=https://api.minecraftservices.com, name=PROD]
[11:05:52] [DefaultDispatcher-worker-3/INFO]: [STDOUT]: [VeinminerUpdater] veinminer is up to date
[11:05:56] [main/INFO]: Loaded 1470 recipes
[11:05:57] [main/INFO]: Loaded 1535 advancements
[11:05:57] [main/INFO]: Applied 260 biome modifications to 65 of 65 new biomes in 86.38 ms
[11:05:57] [Server thread/INFO]: Initialized mcCoroutineScope (MinecraftServer as executor)
[11:05:57] [Server thread/INFO]: Dispatching loading event for config mutantmonsters-server.toml
[11:05:57] [Server thread/INFO]: Starting minecraft server version 1.21.7
[11:05:57] [Server thread/INFO]: Loading properties
[11:05:57] [Server thread/INFO]: Default game type: SURVIVAL
[11:05:57] [Server thread/INFO]: Generating keypair
[11:05:58] [Server thread/INFO]: Starting Minecraft server on *:25565
[11:05:58] [Server thread/INFO]: Using default channel type
[11:05:58] [Server thread/WARN]: **** SERVER IS RUNNING IN OFFLINE/INSECURE MODE!
[11:05:58] [Server thread/WARN]: The server will make no attempt to authenticate usernames. Beware.
[11:05:58] [Server thread/WARN]: While this makes the game possible to play without internet access, it also opens up the ability for hackers to connect with any username they choose.
[11:05:58] [Server thread/WARN]: To change this, set "online-mode" to "true" in the server.properties file.
[11:05:58] [Server thread/INFO]: Preparing level "world"
[11:05:59] [Server thread/INFO]: Preparing start region for dimension minecraft:overworld
[11:06:01] [Worker-Main-20/INFO]: Preparing spawn area: 0%
[11:06:01] [Worker-Main-20/INFO]: Preparing spawn area: 0%
[11:06:01] [Worker-Main-20/INFO]: Preparing spawn area: 0%
[11:06:01] [Worker-Main-20/INFO]: Preparing spawn area: 0%
[11:06:01] [Worker-Main-20/INFO]: Preparing spawn area: 0%
[11:06:02] [Server thread/INFO]: Time elapsed: 2408 ms
[11:06:02] [Server thread/INFO]: Done (3.618s)! For help, type "help"
[11:07:02] [Server thread/INFO]: Server empty for 60 seconds, pausing
[11:34:39] [Server thread/INFO]: PixelParas[/127.235.155.39:58384] logged in with entity id 4 at (-206.39476494039562, -7.0, -476.77952306614657)
[11:34:40] [Server thread/INFO]: PixelParas joined the game
[11:34:41] [Server thread/WARN]: Can't keep up! Is the server overloaded? Running 2070ms or 41 ticks behind
[11:34:59] [Server thread/WARN]: Can't keep up! Is the server overloaded? Running 3108ms or 62 ticks behind
[11:37:22] [Server thread/INFO]: PixelParas was burned to a crisp while fighting Zombie
[11:41:27] [Server thread/INFO]: PixelParas lost connection: Disconnected
[11:41:27] [Server thread/INFO]: PixelParas left the game
[11:42:27] [Server thread/INFO]: Server empty for 60 seconds, pausing
[11:43:02] [Server thread/INFO]: PixelParas[/127.235.155.39:51423] logged in with entity id 1446 at (56.438269169753525, 76.0, -515.5029370398393)
[11:43:02] [Server thread/INFO]: PixelParas joined the game
[11:45:42] [Server thread/INFO]: CDVSF[/127.235.155.39:65077] logged in with entity id 2072 at (35.036327035513665, 82.0, -526.7624999880791)
[11:45:42] [Server thread/INFO]: CDVSF joined the game
[11:48:37] [Server thread/INFO]: CDVSF has made the advancement [Sweet Dreams]
[11:48:59] [Server thread/INFO]: CDVSF has made the advancement [Acquire Hardware]
[11:49:06] [Server thread/INFO]: CDVSF has made the advancement [Suit Up]
[11:50:01] [Server thread/INFO]: PixelParas has made the advancement [Ice Bucket Challenge]
[11:53:58] [Server thread/WARN]: Can't keep up! Is the server overloaded? Running 2063ms or 41 ticks behind
[11:54:08] [Server thread/INFO]: PixelParas was blown up by Creeper
[11:55:43] [Server thread/WARN]: Can't keep up! Is the server overloaded? Running 2011ms or 40 ticks behind
[11:57:07] [Server thread/WARN]: Can't keep up! Is the server overloaded? Running 2007ms or 40 ticks behind
[11:57:24] [Server thread/WARN]: Can't keep up! Is the server overloaded? Running 2041ms or 40 ticks behind
[11:57:30] [Server thread/INFO]: PixelParas was shot by Skeleton
[11:57:58] [Server thread/INFO]: CDVSF fell from a high place
[11:59:22] [Server thread/WARN]: Can't keep up! Is the server overloaded? Running 2000ms or 40 ticks behind
[11:59:40] [Server thread/WARN]: Can't keep up! Is the server overloaded? Running 2780ms or 55 ticks behind
[11:59:58] [Server thread/WARN]: Can't keep up! Is the server overloaded? Running 2004ms or 40 ticks behind
[12:00:15] [Server thread/WARN]: Can't keep up! Is the server overloaded? Running 2006ms or 40 ticks behind
[12:00:32] [Server thread/WARN]: Can't keep up! Is the server overloaded? Running 2015ms or 40 ticks behind
[12:00:55] [Server thread/INFO]: PixelParas hit the ground too hard
[12:02:43] [Server thread/WARN]: Can't keep up! Is the server overloaded? Running 2003ms or 40 ticks behind
[12:03:07] [Server thread/WARN]: Can't keep up! Is the server overloaded? Running 2008ms or 40 ticks behind
[12:03:26] [Server thread/WARN]: Can't keep up! Is the server overloaded? Running 3199ms or 63 ticks behind
[12:03:44] [Server thread/WARN]: Can't keep up! Is the server overloaded? Running 3526ms or 70 ticks behind
[12:04:02] [Server thread/WARN]: Can't keep up! Is the server overloaded? Running 2723ms or 54 ticks behind
[12:04:20] [Server thread/WARN]: Can't keep up! Is the server overloaded? Running 2834ms or 56 ticks behind
[12:04:37] [Server thread/WARN]: Can't keep up! Is the server overloaded? Running 2391ms or 47 ticks behind
[12:04:55] [Server thread/WARN]: Can't keep up! Is the server overloaded? Running 2000ms or 40 ticks behind
[12:05:21] [Server thread/WARN]: Can't keep up! Is the server overloaded? Running 2004ms or 40 ticks behind
[12:05:39] [Server thread/WARN]: Can't keep up! Is the server overloaded? Running 2690ms or 53 ticks behind
[12:05:56] [Server thread/WARN]: Can't keep up! Is the server overloaded? Running 2575ms or 51 ticks behind
[12:06:02] [Server thread/INFO]: CDVSF has made the advancement [Sneak 100]
[12:06:14] [Server thread/WARN]: Can't keep up! Is the server overloaded? Running 2515ms or 50 ticks behind
[12:06:31] [Server thread/WARN]: Can't keep up! Is the server overloaded? Running 2169ms or 43 ticks behind
[12:06:54] [Server thread/WARN]: Can't keep up! Is the server overloaded? Running 2002ms or 40 ticks behind
[12:07:18] [Server thread/WARN]: Can't keep up! Is the server overloaded? Running 2002ms or 40 ticks behind
[12:07:36] [Server thread/WARN]: Can't keep up! Is the server overloaded? Running 3268ms or 65 ticks behind
[12:07:55] [Server thread/WARN]: Can't keep up! Is the server overloaded? Running 3614ms or 72 ticks behind
[12:08:13] [Server thread/WARN]: Can't keep up! Is the server overloaded? Running 2798ms or 55 ticks behind
[12:08:32] [Server thread/WARN]: Can't keep up! Is the server overloaded? Running 2008ms or 40 ticks behind
[12:08:54] [Server thread/WARN]: Can't keep up! Is the server overloaded? Running 2004ms or 40 ticks behind
[12:09:12] [Server thread/WARN]: Can't keep up! Is the server overloaded? Running 2724ms or 54 ticks behind
[12:09:31] [Server thread/WARN]: Can't keep up! Is the server overloaded? Running 3893ms or 77 ticks behind
[12:09:51] [Server thread/WARN]: Can't keep up! Is the server overloaded? Running 4609ms or 92 ticks behind
[12:10:09] [Server thread/WARN]: Can't keep up! Is the server overloaded? Running 3703ms or 74 ticks behind
[12:10:28] [Server thread/WARN]: Can't keep up! Is the server overloaded? Running 3931ms or 78 ticks behind
[12:10:44] [Server thread/INFO]: PixelParas was slain by Zombie
[12:10:46] [Server thread/WARN]: Can't keep up! Is the server overloaded? Running 3171ms or 63 ticks behind
[12:11:05] [Server thread/WARN]: Can't keep up! Is the server overloaded? Running 3821ms or 76 ticks behind
[12:11:14] [Server thread/INFO]: [PixelParas: Teleported PixelParas to CDVSF]
[12:11:23] [Server thread/INFO]: CDVSF was shot by Skeleton
[12:11:26] [Server thread/WARN]: Can't keep up! Is the server overloaded? Running 2031ms or 40 ticks behind
[12:11:47] [Server thread/WARN]: Can't keep up! Is the server overloaded? Running 6051ms or 121 ticks behind
[12:11:57] [Server thread/WARN]: Couldn't find profile with name: c
com.mojang.authlib.exceptions.MinecraftClientHttpException: Couldn't find any profile with name c
	at knot/com.mojang.authlib.minecraft.client.MinecraftClient.readInputStream(MinecraftClient.java:103) ~[authlib-6.0.58.jar:?]
	at knot/com.mojang.authlib.minecraft.client.MinecraftClient.get(MinecraftClient.java:56) ~[authlib-6.0.58.jar:?]
	at knot/com.mojang.authlib.yggdrasil.YggdrasilGameProfileRepository.findProfileByName(YggdrasilGameProfileRepository.java:109) [authlib-6.0.58.jar:?]
	at knot/net.minecraft.class_3312.method_14509(class_3312.java:80) [server-intermediary.jar:?]
	at knot/net.minecraft.class_3312.method_14515(class_3312.java:137) [server-intermediary.jar:?]
	at knot/net.minecraft.class_2191.method_9328(class_2191.java:65) [server-intermediary.jar:?]
	at knot/net.minecraft.class_2191.method_9330(class_2191.java:31) [server-intermediary.jar:?]
	at knot/net.minecraft.class_3083.method_13468(class_3083.java:33) [server-intermediary.jar:?]
	at knot/com.mojang.brigadier.context.ContextChain.runExecutable(ContextChain.java:73) [brigadier-1.3.10.jar:?]
	at knot/net.minecraft.class_8865.method_54416(class_8865.java:29) [server-intermediary.jar:?]
	at knot/net.minecraft.class_8865.execute(class_8865.java:13) [server-intermediary.jar:?]
	at knot/net.minecraft.class_8856.method_54405(class_8856.java:8) [server-intermediary.jar:?]
	at knot/net.minecraft.class_8847.method_54388(class_8847.java:8) [server-intermediary.jar:?]
	at knot/net.minecraft.class_8854.method_54390(class_8854.java:107) [server-intermediary.jar:?]
	at knot/net.minecraft.class_2170.method_54313(class_2170.java:420) [server-intermediary.jar:?]
	at knot/net.minecraft.class_2170.method_9249(class_2170.java:350) [server-intermediary.jar:?]
	at knot/net.minecraft.class_3244.method_58590(class_3244.java:1528) [server-intermediary.jar:?]
	at knot/net.minecraft.class_3244.method_44356(class_3244.java:1516) [server-intermediary.jar:?]
	at knot/net.minecraft.class_3738.run(class_3738.java:18) [server-intermediary.jar:?]
	at knot/net.minecraft.class_1255.method_18859(class_1255.java:164) [server-intermediary.jar:?]
	at knot/net.minecraft.class_4093.method_18859(class_4093.java:23) [server-intermediary.jar:?]
	at knot/net.minecraft.server.MinecraftServer.method_24306(MinecraftServer.java:883) [server-intermediary.jar:?]
	at knot/net.minecraft.server.MinecraftServer.method_18859(MinecraftServer.java:179) [server-intermediary.jar:?]
	at knot/net.minecraft.class_1255.method_16075(class_1255.java:138) [server-intermediary.jar:?]
	at knot/net.minecraft.server.MinecraftServer.method_20415(MinecraftServer.java:865) [server-intermediary.jar:?]
	at knot/net.minecraft.server.MinecraftServer.method_16075(MinecraftServer.java:859) [server-intermediary.jar:?]
	at knot/net.minecraft.class_1255.method_5383(class_1255.java:123) [server-intermediary.jar:?]
	at knot/net.minecraft.server.MinecraftServer.method_16208(MinecraftServer.java:827) [server-intermediary.jar:?]
	at knot/net.minecraft.server.MinecraftServer.method_29741(MinecraftServer.java:713) [server-intermediary.jar:?]
	at knot/net.minecraft.server.MinecraftServer.method_29739(MinecraftServer.java:291) [server-intermediary.jar:?]
	at java.base/java.lang.Thread.run(Thread.java:1447) [?:?]
[12:11:57] [Server thread/INFO]: [PixelParas: Made c a server operator]
[12:11:58] [Server thread/INFO]: [PixelParas: Made CDVSF a server operator]
[12:12:09] [Server thread/WARN]: Can't keep up! Is the server overloaded? Running 6957ms or 139 ticks behind
[12:12:27] [Server thread/WARN]: Can't keep up! Is the server overloaded? Running 2550ms or 51 ticks behind
[12:12:41] [Server thread/INFO]: [CDVSF: Teleported CDVSF to PixelParas]
[12:14:30] [Server thread/WARN]: Can't keep up! Is the server overloaded? Running 2013ms or 40 ticks behind
[12:14:32] [Server thread/INFO]: CDVSF has made the advancement [Isn't It Iron Pick]
[12:14:47] [Server thread/WARN]: Can't keep up! Is the server overloaded? Running 2003ms or 40 ticks behind
[12:15:08] [Server thread/WARN]: Can't keep up! Is the server overloaded? Running 2002ms or 40 ticks behind
[12:15:26] [Server thread/WARN]: Can't keep up! Is the server overloaded? Running 3224ms or 64 ticks behind
[12:15:45] [Server thread/WARN]: Can't keep up! Is the server overloaded? Running 4158ms or 83 ticks behind
[12:16:04] [Server thread/WARN]: Can't keep up! Is the server overloaded? Running 4310ms or 86 ticks behind
[12:16:23] [Server thread/WARN]: Can't keep up! Is the server overloaded? Running 3904ms or 78 ticks behind
[12:16:43] [Server thread/WARN]: Can't keep up! Is the server overloaded? Running 4485ms or 89 ticks behind
[12:17:00] [Server thread/INFO]: [CDVSF: Teleported CDVSF to PixelParas]
[12:17:02] [Server thread/WARN]: Can't keep up! Is the server overloaded? Running 4115ms or 82 ticks behind
[12:17:19] [Server thread/WARN]: Can't keep up! Is the server overloaded? Running 2178ms or 43 ticks behind
[12:17:40] [Server thread/WARN]: Can't keep up! Is the server overloaded? Running 6005ms or 120 ticks behind
[12:18:00] [Server thread/WARN]: Can't keep up! Is the server overloaded? Running 4994ms or 99 ticks behind
[12:19:51] [Server thread/WARN]: Can't keep up! Is the server overloaded? Running 2010ms or 40 ticks behind
[12:20:10] [Server thread/WARN]: Can't keep up! Is the server overloaded? Running 2016ms or 40 ticks behind
[12:20:31] [Server thread/WARN]: Can't keep up! Is the server overloaded? Running 2006ms or 40 ticks behind
[12:20:48] [Server thread/WARN]: Can't keep up! Is the server overloaded? Running 2710ms or 54 ticks behind
[12:21:06] [Server thread/WARN]: Can't keep up! Is the server overloaded? Running 2245ms or 44 ticks behind
[12:21:55] [Server thread/WARN]: Can't keep up! Is the server overloaded? Running 2014ms or 40 ticks behind
[12:23:47] [Server thread/WARN]: Can't keep up! Is the server overloaded? Running 2001ms or 40 ticks behind
[12:24:06] [Server thread/WARN]: Can't keep up! Is the server overloaded? Running 2008ms or 40 ticks behind
[12:24:24] [Server thread/WARN]: Can't keep up! Is the server overloaded? Running 3402ms or 68 ticks behind
[12:24:43] [Server thread/WARN]: Can't keep up! Is the server overloaded? Running 3634ms or 72 ticks behind
[12:25:01] [Server thread/WARN]: Can't keep up! Is the server overloaded? Running 2615ms or 52 ticks behind
[12:25:18] [Server thread/WARN]: Can't keep up! Is the server overloaded? Running 2398ms or 47 ticks behind
[12:25:35] [Server thread/WARN]: Can't keep up! Is the server overloaded? Running 2466ms or 49 ticks behind
[12:25:54] [Server thread/WARN]: Can't keep up! Is the server overloaded? Running 3710ms or 74 ticks behind
[12:26:12] [Server thread/WARN]: Can't keep up! Is the server overloaded? Running 2663ms or 53 ticks behind
[12:26:31] [Server thread/WARN]: Can't keep up! Is the server overloaded? Running 2005ms or 40 ticks behind
[12:26:49] [Server thread/WARN]: Can't keep up! Is the server overloaded? Running 2505ms or 50 ticks behind
[12:27:11] [Server thread/WARN]: Can't keep up! Is the server overloaded? Running 2006ms or 40 ticks behind
[12:27:29] [Server thread/WARN]: Can't keep up! Is the server overloaded? Running 2006ms or 40 ticks behind
[12:27:40] [Server thread/INFO]: [PixelParas: Teleported CDVSF to PixelParas]
[12:28:17] [Server thread/INFO]: [PixelParas: Teleported PixelParas to CDVSF]
[12:28:32] [Server thread/INFO]: CDVSF has made the advancement [Diamonds!]
[12:28:49] [Server thread/INFO]: [PixelParas: Teleported PixelParas to CDVSF]
[12:30:22] [Server thread/INFO]: [CDVSF: Teleported CDVSF to PixelParas]
[12:32:00] [Server thread/INFO]: [CDVSF: Teleported CDVSF to PixelParas]
[12:34:37] [Server thread/INFO]: [PixelParas: Teleported CDVSF to PixelParas]
[12:35:17] [Server thread/WARN]: Can't keep up! Is the server overloaded? Running 2002ms or 40 ticks behind
[12:35:34] [Server thread/WARN]: Can't keep up! Is the server overloaded? Running 2750ms or 55 ticks behind
[12:35:52] [Server thread/WARN]: Can't keep up! Is the server overloaded? Running 2902ms or 58 ticks behind
[12:36:10] [Server thread/WARN]: Can't keep up! Is the server overloaded? Running 2820ms or 56 ticks behind
[12:36:28] [Server thread/WARN]: Can't keep up! Is the server overloaded? Running 2005ms or 40 ticks behind
[12:36:49] [Server thread/WARN]: Can't keep up! Is the server overloaded? Running 2000ms or 40 ticks behind
[12:37:12] [Server thread/WARN]: Can't keep up! Is the server overloaded? Running 2003ms or 40 ticks behind
[12:39:45] [Server thread/INFO]: CDVSF has made the advancement [Enchanter]
[12:39:55] [Server thread/INFO]: PixelParas has made the advancement [Enchanter]
[12:43:38] [Server thread/WARN]: Can't keep up! Is the server overloaded? Running 2000ms or 40 ticks behind
[12:44:15] [Server thread/WARN]: Can't keep up! Is the server overloaded? Running 2008ms or 40 ticks behind
[12:45:16] [Server thread/INFO]: CDVSF has made the advancement [Hot Stuff]
[12:46:15] [Server thread/WARN]: Can't keep up! Is the server overloaded? Running 2001ms or 40 ticks behind
[12:49:44] [Server thread/WARN]: Can't keep up! Is the server overloaded? Running 2016ms or 40 ticks behind
[12:50:06] [Server thread/WARN]: Can't keep up! Is the server overloaded? Running 2010ms or 40 ticks behind
[12:50:23] [Server thread/WARN]: Can't keep up! Is the server overloaded? Running 2132ms or 42 ticks behind
[12:50:42] [Server thread/WARN]: Can't keep up! Is the server overloaded? Running 2011ms or 40 ticks behind
[12:51:19] [Server thread/WARN]: Can't keep up! Is the server overloaded? Running 2004ms or 40 ticks behind
[12:51:37] [Server thread/WARN]: Can't keep up! Is the server overloaded? Running 2587ms or 51 ticks behind
[12:51:55] [Server thread/WARN]: Can't keep up! Is the server overloaded? Running 3206ms or 64 ticks behind
[12:52:14] [Server thread/WARN]: Can't keep up! Is the server overloaded? Running 4000ms or 80 ticks behind
[12:52:33] [Server thread/WARN]: Can't keep up! Is the server overloaded? Running 3999ms or 79 ticks behind
[12:52:53] [Server thread/WARN]: Can't keep up! Is the server overloaded? Running 5336ms or 106 ticks behind
[12:53:02] [Server thread/INFO]: PixelParas has made the advancement [Best Friends Forever]
[12:53:14] [Server thread/WARN]: Can't keep up! Is the server overloaded? Running 5462ms or 109 ticks behind
[12:53:18] [Server thread/INFO]: [PixelParas: Teleported CDVSF to PixelParas]
[12:53:34] [Server thread/WARN]: Can't keep up! Is the server overloaded? Running 5467ms or 109 ticks behind
[12:53:55] [Server thread/WARN]: Can't keep up! Is the server overloaded? Running 6174ms or 123 ticks behind
[12:54:16] [Server thread/WARN]: Can't keep up! Is the server overloaded? Running 6142ms or 122 ticks behind
[12:54:38] [Server thread/WARN]: Can't keep up! Is the server overloaded? Running 6741ms or 134 ticks behind
[12:55:01] [Server thread/WARN]: Can't keep up! Is the server overloaded? Running 8083ms or 161 ticks behind
[12:55:23] [Server thread/INFO]: CDVSF has made the advancement [Best Friends Forever]
[12:55:25] [Server thread/WARN]: Can't keep up! Is the server overloaded? Running 9142ms or 182 ticks behind
[12:55:51] [Server thread/WARN]: Can't keep up! Is the server overloaded? Running 10743ms or 214 ticks behind
[12:56:14] [Server thread/WARN]: Can't keep up! Is the server overloaded? Running 7985ms or 159 ticks behind
[12:56:35] [Server thread/WARN]: Can't keep up! Is the server overloaded? Running 5868ms or 117 ticks behind
[12:56:56] [Server thread/WARN]: Can't keep up! Is the server overloaded? Running 6169ms or 123 ticks behind
[12:57:16] [Server thread/WARN]: Can't keep up! Is the server overloaded? Running 5241ms or 104 ticks behind
[12:57:37] [Server thread/WARN]: Can't keep up! Is the server overloaded? Running 6298ms or 125 ticks behind
[12:58:00] [Server thread/WARN]: Can't keep up! Is the server overloaded? Running 7209ms or 144 ticks behind
[12:58:20] [Server thread/WARN]: Can't keep up! Is the server overloaded? Running 5816ms or 116 ticks behind
[12:58:38] [Server thread/WARN]: Can't keep up! Is the server overloaded? Running 2252ms or 45 ticks behind
[12:58:56] [Server thread/WARN]: Can't keep up! Is the server overloaded? Running 3175ms or 63 ticks behind
[12:59:15] [Server thread/WARN]: Can't keep up! Is the server overloaded? Running 3912ms or 78 ticks behind
[12:59:37] [Server thread/WARN]: Can't keep up! Is the server overloaded? Running 7149ms or 142 ticks behind
[13:00:00] [Server thread/WARN]: Can't keep up! Is the server overloaded? Running 7860ms or 157 ticks behind
[13:00:18] [Server thread/WARN]: Can't keep up! Is the server overloaded? Running 3801ms or 76 ticks behind
[13:00:35] [Server thread/INFO]: [PixelParas: Teleported CDVSF to PixelParas]
[13:00:36] [Server thread/WARN]: Can't keep up! Is the server overloaded? Running 2006ms or 40 ticks behind
[13:00:57] [Server thread/WARN]: Can't keep up! Is the server overloaded? Running 2003ms or 40 ticks behind
[13:01:35] [Server thread/WARN]: Can't keep up! Is the server overloaded? Running 2006ms or 40 ticks behind
[13:06:14] [Server thread/INFO]: [PixelParas: Killed PixelParas]
[13:07:54] [Server thread/WARN]: Can't keep up! Is the server overloaded? Running 2001ms or 40 ticks behind
[13:09:34] [Server thread/INFO]: [CDVSF: Killed CDVSF]
[13:09:36] [Server thread/WARN]: Can't keep up! Is the server overloaded? Running 2003ms or 40 ticks behind
[13:12:37] [Server thread/INFO]: CDVSF lost connection: Disconnected
[13:12:37] [Server thread/INFO]: CDVSF left the game
[13:15:18] [Server thread/INFO]: CDVSF[/127.235.155.39:62983] logged in with entity id 28289 at (36.951128978979675, 82.0, -525.074690787072)
[13:15:18] [Server thread/INFO]: CDVSF joined the game
[13:18:56] [Server thread/INFO]: [PixelParas: Killed PixelParas]
[13:25:20] [Server thread/INFO]: [PixelParas: Killed PixelParas]
[13:25:29] [Server thread/INFO]: [PixelParas: Teleported PixelParas to CDVSF]
[13:27:14] [Server thread/INFO]: [CDVSF: Killed CDVSF]
[13:27:20] [Server thread/INFO]: [PixelParas: Killed PixelParas]
[13:27:40] [Server thread/WARN]: Can't keep up! Is the server overloaded? Running 2001ms or 40 ticks behind
[13:28:07] [Server thread/WARN]: Can't keep up! Is the server overloaded? Running 2006ms or 40 ticks behind
[13:28:24] [Server thread/WARN]: Can't keep up! Is the server overloaded? Running 2234ms or 44 ticks behind
[13:28:47] [Server thread/WARN]: Can't keep up! Is the server overloaded? Running 2014ms or 40 ticks behind
[13:28:52] [Server thread/INFO]: [PixelParas: Teleported PixelParas to CDVSF]
[13:29:00] [Server thread/INFO]: [PixelParas: Teleported PixelParas to CDVSF]
[13:29:40] [Server thread/WARN]: Can't keep up! Is the server overloaded? Running 2001ms or 40 ticks behind
[13:30:02] [Server thread/INFO]: [PixelParas: Teleported PixelParas to CDVSF]
[13:30:32] [Server thread/WARN]: Can't keep up! Is the server overloaded? Running 2001ms or 40 ticks behind
[13:30:33] [Server thread/INFO]: [CDVSF: Teleported CDVSF to PixelParas]
[13:30:46] [Server thread/INFO]: [PixelParas: Teleported PixelParas to CDVSF]
[13:31:24] [Server thread/WARN]: Can't keep up! Is the server overloaded? Running 2003ms or 40 ticks behind
[13:31:41] [Server thread/WARN]: Can't keep up! Is the server overloaded? Running 2558ms or 51 ticks behind
[13:31:46] [Server thread/INFO]: [PixelParas: Killed PixelParas]
[13:31:59] [Server thread/WARN]: Can't keep up! Is the server overloaded? Running 2411ms or 48 ticks behind
[13:32:16] [Server thread/WARN]: Can't keep up! Is the server overloaded? Running 2815ms or 56 ticks behind
[13:32:38] [Server thread/WARN]: Can't keep up! Is the server overloaded? Running 2000ms or 40 ticks behind
[13:32:55] [Server thread/WARN]: Can't keep up! Is the server overloaded? Running 2435ms or 48 ticks behind
[13:33:12] [Server thread/WARN]: Can't keep up! Is the server overloaded? Running 2045ms or 40 ticks behind
[13:33:25] [Server thread/INFO]: [PixelParas: Killed PixelParas]
[13:33:30] [Server thread/WARN]: Can't keep up! Is the server overloaded? Running 2765ms or 55 ticks behind
[13:33:48] [Server thread/WARN]: Can't keep up! Is the server overloaded? Running 3225ms or 64 ticks behind
[13:34:06] [Server thread/WARN]: Can't keep up! Is the server overloaded? Running 2374ms or 47 ticks behind
[13:34:23] [Server thread/WARN]: Can't keep up! Is the server overloaded? Running 2059ms or 41 ticks behind
[13:34:40] [Server thread/WARN]: Can't keep up! Is the server overloaded? Running 2121ms or 42 ticks behind
[13:34:58] [Server thread/WARN]: Can't keep up! Is the server overloaded? Running 3278ms or 65 ticks behind
[13:35:16] [Server thread/WARN]: Can't keep up! Is the server overloaded? Running 3158ms or 63 ticks behind
[13:35:28] [Server thread/INFO]: [PixelParas: Killed CDVSF]
[13:35:35] [Server thread/WARN]: Can't keep up! Is the server overloaded? Running 4110ms or 82 ticks behind
[13:35:54] [Server thread/WARN]: Can't keep up! Is the server overloaded? Running 3427ms or 68 ticks behind
[13:36:12] [Server thread/WARN]: Can't keep up! Is the server overloaded? Running 3541ms or 70 ticks behind
[13:36:30] [Server thread/WARN]: Can't keep up! Is the server overloaded? Running 2423ms or 48 ticks behind
[13:36:47] [Server thread/WARN]: Can't keep up! Is the server overloaded? Running 2543ms or 50 ticks behind
[13:37:05] [Server thread/WARN]: Can't keep up! Is the server overloaded? Running 2000ms or 40 ticks behind
[13:37:22] [Server thread/WARN]: Can't keep up! Is the server overloaded? Running 2430ms or 48 ticks behind
[13:37:45] [Server thread/WARN]: Can't keep up! Is the server overloaded? Running 2009ms or 40 ticks behind
[13:38:12] [Server thread/WARN]: Can't keep up! Is the server overloaded? Running 2010ms or 40 ticks behind
[13:38:46] [Server thread/INFO]: [CDVSF: Killed CDVSF]
[13:38:48] [Server thread/INFO]: [PixelParas: Teleported CDVSF to PixelParas]
[13:48:18] [Server thread/INFO]: [PixelParas: Teleported PixelParas to CDVSF]
[14:00:44] [Server thread/INFO]: PixelParas lost connection: Disconnected
[14:00:44] [Server thread/INFO]: PixelParas left the game
[14:01:03] [Server thread/INFO]: CDVSF lost connection: Disconnected
[14:01:03] [Server thread/INFO]: CDVSF left the game
[14:02:03] [Server thread/INFO]: Server empty for 60 seconds, pausing
[14:50:24] [Server thread/INFO]: CDVSF[/127.235.155.39:51298] logged in with entity id 42301 at (-233.8102163166541, 63.0, -13.21350608747996)
[14:50:24] [Server thread/INFO]: CDVSF joined the game
[14:51:26] [Server thread/INFO]: PixelParas[/127.235.155.39:54891] logged in with entity id 42694 at (-114.5, 63.5625, -108.5)
[14:51:26] [Server thread/INFO]: PixelParas joined the game
[14:52:12] [Server thread/INFO]: [PixelParas: Made CDVSF no longer a server operator]
[14:53:40] [Server thread/INFO]: [PixelParas: Made CDVSF a server operator]
[14:53:44] [Server thread/INFO]: [CDVSF: Killed CDVSF]
[15:17:42] [Server thread/WARN]: Mismatch in destroy block pos: class_2338{x=465, y=61, z=116} class_2338{x=465, y=62, z=117}
[15:28:13] [Server thread/WARN]: Can't keep up! Is the server overloaded? Running 2017ms or 40 ticks behind
[15:28:30] [Server thread/WARN]: Can't keep up! Is the server overloaded? Running 2532ms or 50 ticks behind
[15:28:49] [Server thread/WARN]: Can't keep up! Is the server overloaded? Running 3341ms or 66 ticks behind
[15:29:06] [Server thread/WARN]: Can't keep up! Is the server overloaded? Running 2036ms or 40 ticks behind
[15:29:14] [Server thread/INFO]: PixelParas lost connection: Disconnected
[15:29:14] [Server thread/INFO]: PixelParas left the game
[15:31:43] [Server thread/INFO]: PixelParas[/127.235.155.39:64182] logged in with entity id 53109 at (519.6406936175034, 62.110764312744145, 38.46114377684163)
[15:31:43] [Server thread/INFO]: PixelParas joined the game
[15:31:53] [Server thread/WARN]: Can't keep up! Is the server overloaded? Running 2004ms or 40 ticks behind
[15:32:10] [Server thread/WARN]: Can't keep up! Is the server overloaded? Running 2629ms or 52 ticks behind
[15:32:28] [Server thread/WARN]: Can't keep up! Is the server overloaded? Running 3046ms or 60 ticks behind
[15:32:46] [Server thread/WARN]: Can't keep up! Is the server overloaded? Running 2754ms or 55 ticks behind
[15:33:03] [Server thread/WARN]: Can't keep up! Is the server overloaded? Running 2147ms or 42 ticks behind
[15:33:21] [Server thread/WARN]: Can't keep up! Is the server overloaded? Running 2006ms or 40 ticks behind
[15:33:39] [Server thread/WARN]: Can't keep up! Is the server overloaded? Running 2920ms or 58 ticks behind
[15:33:57] [Server thread/WARN]: Can't keep up! Is the server overloaded? Running 2807ms or 56 ticks behind
[15:34:15] [Server thread/WARN]: Can't keep up! Is the server overloaded? Running 2961ms or 59 ticks behind
[15:36:21] [Server thread/WARN]: Can't keep up! Is the server overloaded? Running 2134ms or 42 ticks behind
[15:36:29] [Server thread/INFO]: CDVSF lost connection: Disconnected
[15:36:29] [Server thread/INFO]: CDVSF left the game
[15:36:29] [Server thread/INFO]: PixelParas lost connection: Disconnected
[15:36:29] [Server thread/INFO]: PixelParas left the game
[15:37:24] [Server thread/INFO]: Server empty for 60 seconds, pausing
[18:31:14] [Server thread/WARN]: Can't keep up! Is the server overloaded? Running 2290ms or 45 ticks behind
[18:31:15] [Server thread/WARN]: Can't keep up! Is the server overloaded? Running 5933831ms or 118676 ticks behind
[18:33:08] [Server thread/INFO]: PixelParas[/127.160.83.196:51564] logged in with entity id 54341 at (687.1654580039343, 23.0, 174.3635550010029)
[18:33:08] [Server thread/INFO]: PixelParas joined the game
[18:35:37] [Server thread/INFO]: [PixelParas: Teleported PixelParas to 50.500000, 60.000000, -499.500000]
[18:50:19] [Server thread/INFO]: [PixelParas: Killed PixelParas]
[19:06:11] [Server thread/INFO]: PixelParas lost connection: Disconnected
[19:06:11] [Server thread/INFO]: PixelParas left the game
[19:07:11] [Server thread/INFO]: Server empty for 60 seconds, pausing
[19:07:32] [Server thread/INFO]: Seed: [8107123250295479164]
[19:10:34] [Server thread/INFO]: PixelParas[/127.160.83.196:50653] logged in with entity id 62746 at (29.753240070583693, 84.0, -530.6999999880791)
[19:10:34] [Server thread/INFO]: PixelParas joined the game
[19:12:11] [Server thread/INFO]: PixelParas lost connection: Disconnected
[19:12:11] [Server thread/INFO]: PixelParas left the game
[19:13:11] [Server thread/INFO]: Server empty for 60 seconds, pausing
[20:45:18] [Server thread/INFO]: PixelParas[/127.160.83.196:52701] logged in with entity id 63337 at (29.753240070583693, 84.0, -530.6999999880791)
[20:45:18] [Server thread/INFO]: PixelParas joined the game
[20:49:01] [Server thread/INFO]: DarkClown[/127.153.43.181:59071] logged in with entity id 64288 at (33.5, 81.5625, -521.5)
[20:49:01] [Server thread/INFO]: DarkClown joined the game
[20:52:17] [Server thread/INFO]: DarkClown lost connection: Timed out
[20:52:17] [Server thread/INFO]: DarkClown left the game
[20:55:05] [Server thread/INFO]: DarkClown[/127.153.43.181:58518] logged in with entity id 65267 at (33.976718609338, 82.0, -525.2460636685142)
[20:55:05] [Server thread/INFO]: DarkClown joined the game
[21:02:07] [Server thread/INFO]: DarkClown has made the advancement [Enchanter]
